0 verbose cli C:\Program Files\nodejs\node.exe C:\Program Files\nodejs\node_modules\npm\bin\npm-cli.js
1 info using npm@11.6.2
2 info using node@v25.2.0
3 silly config load:file:C:\Program Files\nodejs\node_modules\npm\npmrc
4 silly config load:file:D:\signo-custom-page\.npmrc
5 silly config load:file:C:\Users\HP\.npmrc
6 silly config load:file:C:\Users\HP\AppData\Roaming\npm\etc\npmrc
7 verbose title npm exec pnpm@10.0.0 install --no-frozen-lockfile
8 verbose argv "exec" "--" "pnpm@10.0.0" "install" "--no-frozen-lockfile"
9 verbose logfile logs-max:10 dir:D:\signo-custom-page\.npm-cache\_logs\2026-03-01T11_53_33_277Z-
10 verbose logfile D:\signo-custom-page\.npm-cache\_logs\2026-03-01T11_53_33_277Z-debug-0.log
11 silly logfile done cleaning log files
12 silly packumentCache heap:2283798528 maxSize:570949632 maxEntrySize:285474816
13 http fetch GET https://registry.npmjs.org/npm attempt 1 failed with EACCES
14 http fetch GET https://registry.npmjs.org/pnpm attempt 1 failed with EACCES
15 http fetch GET https://registry.npmjs.org/npm attempt 2 failed with EACCES
16 http fetch GET https://registry.npmjs.org/pnpm attempt 2 failed with EACCES
17 http fetch GET https://registry.npmjs.org/npm attempt 3 failed with EACCES
18 http fetch GET https://registry.npmjs.org/pnpm attempt 3 failed with EACCES
19 verbose type system
20 verbose stack FetchError: request to https://registry.npmjs.org/pnpm failed, reason: 
20 verbose stack     at ClientRequest.<anonymous> (C:\Program Files\nodejs\node_modules\npm\node_modules\minipass-fetch\lib\index.js:130:14)
20 verbose stack     at ClientRequest.emit (node:events:508:28)
20 verbose stack     at emitErrorEvent (node:_http_client:108:11)
20 verbose stack     at _destroy (node:_http_client:962:9)
20 verbose stack     at onSocketNT (node:_http_client:982:5)
20 verbose stack     at process.processTicksAndRejections (node:internal/process/task_queues:90:21)
21 error code EACCES
22 error errno EACCES
23 error FetchError: request to https://registry.npmjs.org/pnpm failed, reason: 
23 error     at ClientRequest.<anonymous> (C:\Program Files\nodejs\node_modules\npm\node_modules\minipass-fetch\lib\index.js:130:14)
23 error     at ClientRequest.emit (node:events:508:28)
23 error     at emitErrorEvent (node:_http_client:108:11)
23 error     at _destroy (node:_http_client:962:9)
23 error     at onSocketNT (node:_http_client:982:5)
23 error     at process.processTicksAndRejections (node:internal/process/task_queues:90:21) {
23 error   code: 'EACCES',
23 error   errno: 'EACCES',
23 error   type: 'system'
23 error }
24 error
24 error The operation was rejected by your operating system.
24 error It's possible that the file was already in use (by a text editor or antivirus),
24 error or that you lack permissions to access it.
24 error
24 error If you believe this might be a permissions issue, please double-check the
24 error permissions of the file and its containing directories, or try running
24 error the command again as root/Administrator.
25 verbose cwd D:\signo-custom-page
26 verbose os Windows_NT 10.0.19045
27 verbose node v25.2.0
28 verbose npm  v11.6.2
29 verbose exit 1
30 verbose code 1
31 error A complete log of this run can be found in: D:\signo-custom-page\.npm-cache\_logs\2026-03-01T11_53_33_277Z-debug-0.log
